<?xml version='1.0' encoding='UTF-8'?>
<testsuite hostname="Kevins-MacBook-Pro.local" name="unit.controllers.RequestsControllerTest" tests="19" errors="0" failures="0" time="1.737">
                     <properties>
[...]
</properties>
                     <testcase classname="unit.controllers.RequestsControllerTest" name="createRequestInvalidReceiver" time="0.068">
                                                 
                                               </testcase><testcase classname="unit.controllers.RequestsControllerTest" name="getStatusCallsThroughToTheRequestServiceAndReturnsOk" time="0.084">
                                                 
                                               </testcase><testcase classname="unit.controllers.RequestsControllerTest" name="handleResponseOnNonPendingRequest" time="0.096">
                                                 
                                               </testcase><testcase classname="unit.controllers.RequestsControllerTest" name="handleResponseReturnsOk" time="0.099">
                                                 
                                               </testcase><testcase classname="unit.controllers.RequestsControllerTest" name="createRequestInvalidSender" time="0.122">
                                                 
                                               </testcase><testcase classname="unit.controllers.RequestsControllerTest" name="createRequestIsSecuredBySender" time="0.069">
                                                 
                                               </testcase><testcase classname="unit.controllers.RequestsControllerTest" name="handleResponseInvalidResponse" time="0.075">
                                                 
                                               </testcase><testcase classname="unit.controllers.RequestsControllerTest" name="createRequestNoSender" time="0.071">
                                                 
                                               </testcase><testcase classname="unit.controllers.RequestsControllerTest" name="getRequestsByReceiverReturnsRequests" time="0.074">
                                                 
                                               </testcase><testcase classname="unit.controllers.RequestsControllerTest" name="handleResponseNoResponse" time="0.105">
                                                 
                                               </testcase><testcase classname="unit.controllers.RequestsControllerTest" name="createRequestSenderNotFound" time="0.098">
                                                 
                                               </testcase><testcase classname="unit.controllers.RequestsControllerTest" name="createRequestReceiverNotFound" time="0.112">
                                                 
                                               </testcase><testcase classname="unit.controllers.RequestsControllerTest" name="getRequestsByReceiverIsSecured" time="0.113">
                                                 
                                               </testcase><testcase classname="unit.controllers.RequestsControllerTest" name="handleResponseIsSecuredByRequestReceiverId" time="0.134">
                                                 
                                               </testcase><testcase classname="unit.controllers.RequestsControllerTest" name="handleResponseCallsServiceHandleResponseWithRequestAndResponse" time="0.076">
                                                 
                                               </testcase><testcase classname="unit.controllers.RequestsControllerTest" name="handleResponseNoRequest" time="0.094">
                                                 
                                               </testcase><testcase classname="unit.controllers.RequestsControllerTest" name="createRequestSendsChatRequestToReceiverFromSender" time="0.096">
                                                 
                                               </testcase><testcase classname="unit.controllers.RequestsControllerTest" name="createRequestReturnsOkResult" time="0.085">
                                                 
                                               </testcase><testcase classname="unit.controllers.RequestsControllerTest" name="createRequestNoReceiver" time="0.066">
                                                 
                                               </testcase>
                     <system-out></system-out>
                     <system-err></system-err>
                   </testsuite>