<?xml version='1.0' encoding='UTF-8'?>
<testsuite hostname="Kevins-MacBook-Pro.local" name="unit.daos.MessageDaoTest" tests="5" errors="0" failures="0" time="2.05">
                     <properties>
[...]
</properties>
                     <testcase classname="unit.daos.MessageDaoTest" name="getMessagesRespectsOffset" time="0.414">
                                                 
                                               </testcase><testcase classname="unit.daos.MessageDaoTest" name="getMessagesReturnsTheMessagesInReverseOrderByTimeStamp" time="0.381">
                                                 
                                               </testcase><testcase classname="unit.daos.MessageDaoTest" name="getMessagesLimitsTheMessagesReturned" time="0.502">
                                                 
                                               </testcase><testcase classname="unit.daos.MessageDaoTest" name="getMessagesDoesNotIncludeMessagesNotInRoom" time="0.384">
                                                 
                                               </testcase><testcase classname="unit.daos.MessageDaoTest" name="getMessagesReturnsAnEmptyListIfNoMessagesExist" time="0.369">
                                                 
                                               </testcase>
                     <system-out></system-out>
                     <system-err></system-err>
                   </testsuite>