<?xml version='1.0' encoding='UTF-8'?>
<testsuite hostname="Kevins-MacBook-Pro.local" name="unit.controllers.PublicRoomsControllerTest" tests="28" errors="0" failures="0" time="7.13">
                     <properties>
[...]
</properties>
                     <testcase classname="unit.controllers.PublicRoomsControllerTest" name="getMessagesWithNegativeOffset" time="0.221">
                                                 
                                               </testcase><testcase classname="unit.controllers.PublicRoomsControllerTest" name="createSubscription" time="0.215">
                                                 
                                               </testcase><testcase classname="unit.controllers.PublicRoomsControllerTest" name="removeSubscriptionUserNotFound" time="0.185">
                                                 
                                               </testcase><testcase classname="unit.controllers.PublicRoomsControllerTest" name="removeSubscriptionUserIsNotSubscribed" time="0.291">
                                                 
                                               </testcase><testcase classname="unit.controllers.PublicRoomsControllerTest" name="createRoomNoName" time="0.454">
                                                 
                                               </testcase><testcase classname="unit.controllers.PublicRoomsControllerTest" name="createSubscriptionUserIsAlreadySubscribed" time="0.209">
                                                 
                                               </testcase><testcase classname="unit.controllers.PublicRoomsControllerTest" name="createRoomNoRadius" time="0.222">
                                                 
                                               </testcase><testcase classname="unit.controllers.PublicRoomsControllerTest" name="removeSubscription" time="0.169">
                                                 
                                               </testcase><testcase classname="unit.controllers.PublicRoomsControllerTest" name="removeSubscriptionUnauthorizedUser" time="0.177">
                                                 
                                               </testcase><testcase classname="unit.controllers.PublicRoomsControllerTest" name="removeSubscriptionUserDoesNotExist" time="0.53">
                                                 
                                               </testcase><testcase classname="unit.controllers.PublicRoomsControllerTest" name="createRoomNoLatitude" time="0.191">
                                                 
                                               </testcase><testcase classname="unit.controllers.PublicRoomsControllerTest" name="removeSubscriptionUserIdIsNotALong" time="0.223">
                                                 
                                               </testcase><testcase classname="unit.controllers.PublicRoomsControllerTest" name="removeSubscriptionUserIdMustBePositive" time="0.283">
                                                 
                                               </testcase><testcase classname="unit.controllers.PublicRoomsControllerTest" name="createRoomSuccess" time="0.19">
                                                 
                                               </testcase><testcase classname="unit.controllers.PublicRoomsControllerTest" name="getGeoRooms" time="0.212">
                                                 
                                               </testcase><testcase classname="unit.controllers.PublicRoomsControllerTest" name="createSubscriptionUserMustBePositive" time="0.377">
                                                 
                                               </testcase><testcase classname="unit.controllers.PublicRoomsControllerTest" name="removeSubscriptionRoomDoesNotExist" time="0.278">
                                                 
                                               </testcase><testcase classname="unit.controllers.PublicRoomsControllerTest" name="getMessagesWorksWithZeroLimitAndZeroOffset" time="0.222">
                                                 
                                               </testcase><testcase classname="unit.controllers.PublicRoomsControllerTest" name="removeSubscriptionRoomIdMustBePositive" time="0.305">
                                                 
                                               </testcase><testcase classname="unit.controllers.PublicRoomsControllerTest" name="getMessagesWithNegativeLimit" time="0.193">
                                                 
                                               </testcase><testcase classname="unit.controllers.PublicRoomsControllerTest" name="getGeoRoomsEmpty" time="0.208">
                                                 
                                               </testcase><testcase classname="unit.controllers.PublicRoomsControllerTest" name="createSubscriptionUnauthorizedUser" time="0.163">
                                                 
                                               </testcase><testcase classname="unit.controllers.PublicRoomsControllerTest" name="createSubscriptionNoUserId" time="0.311">
                                                 
                                               </testcase><testcase classname="unit.controllers.PublicRoomsControllerTest" name="createSubscriptionUserDoesNotExist" time="0.316">
                                                 
                                               </testcase><testcase classname="unit.controllers.PublicRoomsControllerTest" name="createSubscriptionUserIdIsNotALong" time="0.328">
                                                 
                                               </testcase><testcase classname="unit.controllers.PublicRoomsControllerTest" name="getMessagesRoomNotFound" time="0.171">
                                                 
                                               </testcase><testcase classname="unit.controllers.PublicRoomsControllerTest" name="createSubscriptionRoomDoesNotExist" time="0.269">
                                                 
                                               </testcase><testcase classname="unit.controllers.PublicRoomsControllerTest" name="createRoomNoLongitude" time="0.217">
                                                 
                                               </testcase>
                     <system-out></system-out>
                     <system-err></system-err>
                   </testsuite>